
> ppga-obras-clone@1.0.0 dev
> NODE_ENV=development tsx watch server/_core/index.ts

[OAuth] Initialized with baseURL: https://dev.ppgaobras.com.br
Server running on http://localhost:3000/
(!) %VITE_ANALYTICS_ENDPOINT% is not defined in env variables found in /.. Is the variable mistyped?
(!) %VITE_ANALYTICS_WEBSITE_ID% is not defined in env variables found in /.. Is the variable mistyped?
7:52:36 PM [vite] (client) Pre-transform error: Failed to load url /src/main.tsx?v=9Yc3iujpA1S1pCuvYNIFL (resolved id: /src/main.tsx?v=9Yc3iujpA1S1pCuvYNIFL). Does the file exist?
(!) %VITE_ANALYTICS_ENDPOINT% is not defined in env variables found in /src/main.tsx?v=9Yc3iujpA1S1pCuvYNIFL. Is the variable mistyped?
(!) %VITE_ANALYTICS_WEBSITE_ID% is not defined in env variables found in /src/main.tsx?v=9Yc3iujpA1S1pCuvYNIFL. Is the variable mistyped?
7:52:36 PM [vite] (client) Pre-transform error: Failed to load url /src/main.tsx?v=PJ0HPbcRO-K7MH2TKwRSk (resolved id: /src/main.tsx?v=PJ0HPbcRO-K7MH2TKwRSk). Does the file exist?
(!) %VITE_ANALYTICS_ENDPOINT% is not defined in env variables found in /favicon.ico. Is the variable mistyped?
(!) %VITE_ANALYTICS_WEBSITE_ID% is not defined in env variables found in /favicon.ico. Is the variable mistyped?
7:52:36 PM [vite] (client) Pre-transform error: Failed to load url /src/main.tsx?v=7sP9O88V-JTUZKi2FpQ5N (resolved id: /src/main.tsx?v=7sP9O88V-JTUZKi2FpQ5N). Does the file exist?
/tmp/ppga-obras-dev/node_modules/.pnpm/vite@7.1.9_@types+node@24.7.0_jiti@2.6.1_lightningcss@1.30.1_tsx@4.20.6/node_modules/vite/dist/node/chunks/dep-Chhhsdoe.js:23626
			if (socket[kWebSocket]) throw new Error("server.handleUpgrade() was called more than once with the same socket, possibly due to a misconfiguration");
			                        ^


Error: server.handleUpgrade() was called more than once with the same socket, possibly due to a misconfiguration
    at WebSocketServer$1.completeUpgrade (/tmp/ppga-obras-dev/node_modules/.pnpm/vite@7.1.9_@types+node@24.7.0_jiti@2.6.1_lightningcss@1.30.1_tsx@4.20.6/node_modules/vite/dist/node/chunks/dep-Chhhsdoe.js:23626:34)
    at WebSocketServer$1.handleUpgrade (/tmp/ppga-obras-dev/node_modules/.pnpm/vite@7.1.9_@types+node@24.7.0_jiti@2.6.1_lightningcss@1.30.1_tsx@4.20.6/node_modules/vite/dist/node/chunks/dep-Chhhsdoe.js:23609:9)
    at handleUpgrade (/tmp/ppga-obras-dev/node_modules/.pnpm/vite@7.1.9_@types+node@24.7.0_jiti@2.6.1_lightningcss@1.30.1_tsx@4.20.6/node_modules/vite/dist/node/chunks/dep-Chhhsdoe.js:23892:7)
    at Server.hmrServerWsListener (/tmp/ppga-obras-dev/node_modules/.pnpm/vite@7.1.9_@types+node@24.7.0_jiti@2.6.1_lightningcss@1.30.1_tsx@4.20.6/node_modules/vite/dist/node/chunks/dep-Chhhsdoe.js:23909:88)
    at Server.emit (node:events:536:35)
    at onParserExecuteCommon (node:_http_server:950:14)
    at onParserExecute (node:_http_server:852:3)

Node.js v22.13.0
10:50:44 AM [tsx] change in ./server/db.ts Rerunning...
c[OAuth] Initialized with baseURL: https://dev.ppgaobras.com.br
Port 3000 is busy, using port 3001 instead
Server running on http://localhost:3001/
